<?xml version="1.0" encoding="UTF-8"?>
<robot generator="Robot 3.1a2 (Python 3.7.1 on win32)" generated="20181122 22:45:38.119" rpa="false">
<suite id="s1" name="Test" source="E:\RobotFrameworkProjects\compare-screenshots\compare-screenshots\Test.Robot">
<test id="s1-t1" name="comparing screenshots">
<kw name="Compare Screenshots" library="compare-screenshots">
<arguments>
<arg>${base-imagepath}</arg>
<arg>${compare-imagepath}</arg>
<arg>${diff-imagepath}</arg>
</arguments>
<status status="PASS" starttime="20181122 22:45:39.445" endtime="20181122 22:45:40.116"></status>
</kw>
<status status="PASS" starttime="20181122 22:45:39.445" endtime="20181122 22:45:40.116" critical="yes"></status>
</test>
<status status="PASS" starttime="20181122 22:45:38.119" endtime="20181122 22:45:40.116"></status>
</suite>
<statistics>
<total>
<stat pass="1" fail="0">Critical Tests</stat>
<stat pass="1" fail="0">All Tests</stat>
</total>
<tag>
</tag>
<suite>
<stat pass="1" fail="0" id="s1" name="Test">Test</stat>
</suite>
</statistics>
<errors>
</errors>
</robot>
